[INFO][12/01/2024, 21:24:08]:Starting object initialisation
[DEBUG][12/01/2024, 21:24:08]:Memory class initialised
[DEBUG][12/01/2024, 21:24:08]:Storage class initialised
[DEBUG][12/01/2024, 21:24:08]:GPU class initialised
[DEBUG][12/01/2024, 21:24:08]:CPU class initialised
[INFO][12/01/2024, 21:24:08]:All objects initialised
[INFO][12/01/2024, 21:24:08]:0x409c
[INFO][12/01/2024, 21:26:00]:Starting object initialisation
[DEBUG][12/01/2024, 21:26:00]:Memory class initialised
[DEBUG][12/01/2024, 21:26:00]:Storage class initialised
[DEBUG][12/01/2024, 21:26:00]:GPU class initialised
[DEBUG][12/01/2024, 21:26:00]:CPU class initialised
[INFO][12/01/2024, 21:26:00]:All objects initialised
[INFO][12/01/2024, 21:26:00]:0x9c40
[INFO][12/01/2024, 21:26:30]:Starting object initialisation
[DEBUG][12/01/2024, 21:26:30]:Memory class initialised
[DEBUG][12/01/2024, 21:26:30]:Storage class initialised
[DEBUG][12/01/2024, 21:26:30]:GPU class initialised
[DEBUG][12/01/2024, 21:26:30]:CPU class initialised
[INFO][12/01/2024, 21:26:30]:All objects initialised
[INFO][12/01/2024, 21:26:30]:0x9c40
[INFO][12/01/2024, 21:26:35]:Starting object initialisation
[DEBUG][12/01/2024, 21:26:35]:Memory class initialised
[DEBUG][12/01/2024, 21:26:35]:Storage class initialised
[DEBUG][12/01/2024, 21:26:35]:GPU class initialised
[DEBUG][12/01/2024, 21:26:35]:CPU class initialised
[INFO][12/01/2024, 21:26:35]:All objects initialised
[INFO][12/01/2024, 21:26:35]:0x00
[INFO][12/01/2024, 21:26:40]:Starting object initialisation
[DEBUG][12/01/2024, 21:26:40]:Memory class initialised
[DEBUG][12/01/2024, 21:26:40]:Storage class initialised
[DEBUG][12/01/2024, 21:26:40]:GPU class initialised
[DEBUG][12/01/2024, 21:26:40]:CPU class initialised
[INFO][12/01/2024, 21:26:40]:All objects initialised
[INFO][12/01/2024, 21:26:40]:0x00
[INFO][12/01/2024, 21:26:42]:Starting object initialisation
[DEBUG][12/01/2024, 21:26:42]:Memory class initialised
[DEBUG][12/01/2024, 21:26:42]:Storage class initialised
[DEBUG][12/01/2024, 21:26:42]:GPU class initialised
[DEBUG][12/01/2024, 21:26:42]:CPU class initialised
[INFO][12/01/2024, 21:26:42]:All objects initialised
[INFO][12/01/2024, 21:26:42]:0xffff
